[0m23:18:18.265061 [debug] [MainThread]: Sending event: {'category': 'dbt', 'action': 'invocation', 'label': 'start', 'context': [<snowplow_tracker.self_describing_json.SelfDescribingJson object at 0x75c32fd1fa10>, <snowplow_tracker.self_describing_json.SelfDescribingJson object at 0x75c32bc59100>, <snowplow_tracker.self_describing_json.SelfDescribingJson object at 0x75c32d705190>]}


============================== 23:18:18.269594 | 550b83b3-dcb4-49b4-b675-7ecc29188875 ==============================
[0m23:18:18.269594 [info ] [MainThread]: Running with dbt=1.10.15
[0m23:18:18.270414 [debug] [MainThread]: running dbt with arguments {'empty': 'None', 'log_format': 'default', 'write_json': 'True', 'static_parser': 'True', 'introspect': 'True', 'quiet': 'False', 'invocation_command': 'dbt init', 'cache_selected_only': 'False', 'log_path': 'logs', 'printer_width': '80', 'no_print': 'None', 'warn_error': 'None', 'fail_fast': 'False', 'partial_parse': 'True', 'indirect_selection': 'eager', 'version_check': 'True', 'log_cache_events': 'False', 'send_anonymous_usage_stats': 'True', 'target_path': 'None', 'profiles_dir': '/home/codespace/.dbt', 'debug': 'False', 'use_colors': 'True', 'use_experimental_parser': 'False', 'warn_error_options': 'WarnErrorOptionsV2(error=[], warn=[], silence=[])'}
[0m23:18:18.278928 [info ] [MainThread]: Creating dbt configuration folder at /home/codespace/.dbt
[0m23:18:29.446523 [debug] [MainThread]: Starter project path: /workspaces/mverse_ae/venv/lib/python3.12/site-packages/dbt/include/starter_project
[0m23:18:29.450091 [info ] [MainThread]: 
Your new dbt project "multiverse" was created!

For more information on how to configure the profiles.yml file,
please consult the dbt documentation here:

  https://docs.getdbt.com/docs/configure-your-profile

One more thing:

Need help? Don't hesitate to reach out to us via GitHub issues or on Slack:

  https://community.getdbt.com/

Happy modeling!

[0m23:18:29.450738 [info ] [MainThread]: Setting up your profile.
[0m23:18:32.121617 [info ] [MainThread]: Profile multiverse written to /home/codespace/.dbt/profiles.yml using target's sample configuration. Once updated, you'll be able to start developing with dbt.
[0m23:18:32.123081 [debug] [MainThread]: Resource report: {"command_name": "init", "command_success": true, "command_wall_clock_time": 13.9122925, "process_in_blocks": "4640", "process_kernel_time": 0.157079, "process_mem_max_rss": "135304", "process_out_blocks": "72", "process_user_time": 1.624124}
[0m23:18:32.123886 [debug] [MainThread]: Command `dbt init` succeeded at 23:18:32.123761 after 13.91 seconds
[0m23:18:32.124373 [debug] [MainThread]: Sending event: {'category': 'dbt', 'action': 'invocation', 'label': 'end', 'context': [<snowplow_tracker.self_describing_json.SelfDescribingJson object at 0x75c32bbe9880>, <snowplow_tracker.self_describing_json.SelfDescribingJson object at 0x75c32be93ad0>, <snowplow_tracker.self_describing_json.SelfDescribingJson object at 0x75c32be90890>]}
[0m23:18:32.124913 [debug] [MainThread]: Flushing usage events
[0m23:18:32.487045 [debug] [MainThread]: An error was encountered while trying to flush usage events
